<?xml version="1.0" encoding="UTF-8"?>
<!-- Generated by org.testng.reporters.JUnitXMLReporter -->
<testsuite ignored="10" hostname="DESKTOP-K5S59DG" failures="0" tests="6" name="Test" time="242.824" errors="0" timestamp="2023-12-06T22:27:07 BDT">
  <testcase classname="com.sakib.it.tests.VisitSiteTest" name="visitsiteTest" time="10.526"/>
  <testcase classname="com.sakib.it.tests.ViewAnyBookTest" name="viewAnyBookTest" time="36.016"/>
  <testcase classname="com.sakib.it.tests.ClickMenuTest" name="clickMenuTest" time="11.711"/>
  <testcase classname="com.sakib.it.tests.SelectAnyAuthorTest" name="selectAnyAuthorTest" time="22.569"/>
  <testcase classname="com.sakib.it.tests.ClickOderTest" name="viewTest" time="34.728"/>
  <testcase classname="com.sakib.it.tests.CheckOutTest" name="viewTest" time="46.523"/>
  <testcase classname="com.sakib.it.basedrivers.BaseDrivers" name="@BeforeSuite startBrowser" time="0.0">
    <ignored/>
  </testcase> <!-- @BeforeSuite startBrowser -->
  <testcase classname="com.sakib.it.basedrivers.BaseDrivers" name="@AfterSuite close" time="0.0">
    <ignored/>
  </testcase> <!-- @AfterSuite close -->
  <testcase classname="com.sakib.it.basedrivers.BaseDrivers" name="@BeforeSuite startBrowser" time="0.0">
    <ignored/>
  </testcase> <!-- @BeforeSuite startBrowser -->
  <testcase classname="com.sakib.it.basedrivers.BaseDrivers" name="@BeforeSuite startBrowser" time="0.0">
    <ignored/>
  </testcase> <!-- @BeforeSuite startBrowser -->
  <testcase classname="com.sakib.it.basedrivers.BaseDrivers" name="@AfterSuite close" time="0.0">
    <ignored/>
  </testcase> <!-- @AfterSuite close -->
  <testcase classname="com.sakib.it.basedrivers.BaseDrivers" name="@AfterSuite close" time="0.0">
    <ignored/>
  </testcase> <!-- @AfterSuite close -->
  <testcase classname="com.sakib.it.basedrivers.BaseDrivers" name="@AfterSuite close" time="0.0">
    <ignored/>
  </testcase> <!-- @AfterSuite close -->
  <testcase classname="com.sakib.it.basedrivers.BaseDrivers" name="@BeforeSuite startBrowser" time="0.0">
    <ignored/>
  </testcase> <!-- @BeforeSuite startBrowser -->
  <testcase classname="com.sakib.it.basedrivers.BaseDrivers" name="@AfterSuite close" time="0.0">
    <ignored/>
  </testcase> <!-- @AfterSuite close -->
  <testcase classname="com.sakib.it.basedrivers.BaseDrivers" name="@BeforeSuite startBrowser" time="0.0">
    <ignored/>
  </testcase> <!-- @BeforeSuite startBrowser -->
</testsuite> <!-- Test -->
